<?xml version="1.0" encoding="UTF-8"?>
<!-- Generated by org.testng.reporters.JUnitReportReporter -->
<testsuite hostname="APCFSS-DT-061" failures="0" tests="1" name="WebApplication.Webtest" time="23.958" errors="0" timestamp="2024-11-18T12:19:11 IST" skipped="0">
  <testcase classname="WebApplication.Webtest" name="Web" time="23.958"/>
  <system-out/>
</testsuite> <!-- WebApplication.Webtest -->
